  [1m[36m (0.1ms)[0m  [1mselect sqlite_version(*)[0m
  [1m[35m (58.0ms)[0m  CREATE TABLE "schema_migrations" ("version" varchar(255) NOT NULL) 
  [1m[36m (0.0ms)[0m  [1mPRAGMA index_list("schema_migrations")[0m
  [1m[35m (20.8ms)[0m  CREATE UNIQUE INDEX "unique_schema_migrations" ON "schema_migrations" ("version")
  [1m[36m (19.7ms)[0m  [1mSELECT "schema_migrations"."version" FROM "schema_migrations" [0m
Migrating to CreateMovies (20111119180638)
  [1m[35m (0.5ms)[0m  CREATE TABLE "movies" ("id" INTEGER PRIMARY KEY AUTOINCREMENT NOT NULL, "title" varchar(255), "rating" varchar(255), "description" text, "release_date" datetime, "created_at" datetime, "updated_at" datetime) 
  [1m[36m (0.1ms)[0m  [1mINSERT INTO "schema_migrations" ("version") VALUES ('20111119180638')[0m
  [1m[35m (0.3ms)[0m  select sqlite_version(*)
  [1m[36m (0.1ms)[0m  [1mSELECT "schema_migrations"."version" FROM "schema_migrations" [0m
  [1m[35m (0.0ms)[0m  PRAGMA index_list("movies")
  [1m[36m (2.3ms)[0m  [1mSELECT "schema_migrations"."version" FROM "schema_migrations" [0m
  [1m[35mSQL (7.5ms)[0m  INSERT INTO "movies" ("created_at", "description", "rating", "release_date", "title", "updated_at") VALUES (?, ?, ?, ?, ?, ?)  [["created_at", Mon, 22 Jul 2013 17:28:12 UTC +00:00], ["description", nil], ["rating", "G"], ["release_date", Wed, 25 Nov 1992 00:00:00 UTC +00:00], ["title", "Aladdin"], ["updated_at", Mon, 22 Jul 2013 17:28:12 UTC +00:00]]
  [1m[36mSQL (0.4ms)[0m  [1mINSERT INTO "movies" ("created_at", "description", "rating", "release_date", "title", "updated_at") VALUES (?, ?, ?, ?, ?, ?)[0m  [["created_at", Mon, 22 Jul 2013 17:28:12 UTC +00:00], ["description", nil], ["rating", "R"], ["release_date", Fri, 26 Oct 1984 00:00:00 UTC +00:00], ["title", "The Terminator"], ["updated_at", Mon, 22 Jul 2013 17:28:12 UTC +00:00]]
  [1m[35mSQL (0.5ms)[0m  INSERT INTO "movies" ("created_at", "description", "rating", "release_date", "title", "updated_at") VALUES (?, ?, ?, ?, ?, ?)  [["created_at", Mon, 22 Jul 2013 17:28:12 UTC +00:00], ["description", nil], ["rating", "R"], ["release_date", Fri, 21 Jul 1989 00:00:00 UTC +00:00], ["title", "When Harry Met Sally"], ["updated_at", Mon, 22 Jul 2013 17:28:12 UTC +00:00]]
  [1m[36mSQL (0.4ms)[0m  [1mINSERT INTO "movies" ("created_at", "description", "rating", "release_date", "title", "updated_at") VALUES (?, ?, ?, ?, ?, ?)[0m  [["created_at", Mon, 22 Jul 2013 17:28:12 UTC +00:00], ["description", nil], ["rating", "PG-13"], ["release_date", Wed, 10 Aug 2011 00:00:00 UTC +00:00], ["title", "The Help"], ["updated_at", Mon, 22 Jul 2013 17:28:12 UTC +00:00]]
  [1m[35mSQL (0.5ms)[0m  INSERT INTO "movies" ("created_at", "description", "rating", "release_date", "title", "updated_at") VALUES (?, ?, ?, ?, ?, ?)  [["created_at", Mon, 22 Jul 2013 17:28:12 UTC +00:00], ["description", nil], ["rating", "PG-13"], ["release_date", Fri, 05 Jan 2001 00:00:00 UTC +00:00], ["title", "Chocolat"], ["updated_at", Mon, 22 Jul 2013 17:28:12 UTC +00:00]]
  [1m[36mSQL (0.5ms)[0m  [1mINSERT INTO "movies" ("created_at", "description", "rating", "release_date", "title", "updated_at") VALUES (?, ?, ?, ?, ?, ?)[0m  [["created_at", Mon, 22 Jul 2013 17:28:12 UTC +00:00], ["description", nil], ["rating", "R"], ["release_date", Wed, 25 Apr 2001 00:00:00 UTC +00:00], ["title", "Amelie"], ["updated_at", Mon, 22 Jul 2013 17:28:12 UTC +00:00]]
  [1m[35mSQL (0.4ms)[0m  INSERT INTO "movies" ("created_at", "description", "rating", "release_date", "title", "updated_at") VALUES (?, ?, ?, ?, ?, ?)  [["created_at", Mon, 22 Jul 2013 17:28:12 UTC +00:00], ["description", nil], ["rating", "G"], ["release_date", Sat, 06 Apr 1968 00:00:00 UTC +00:00], ["title", "2001: A Space Odyssey"], ["updated_at", Mon, 22 Jul 2013 17:28:12 UTC +00:00]]
  [1m[36mSQL (0.4ms)[0m  [1mINSERT INTO "movies" ("created_at", "description", "rating", "release_date", "title", "updated_at") VALUES (?, ?, ?, ?, ?, ?)[0m  [["created_at", Mon, 22 Jul 2013 17:28:12 UTC +00:00], ["description", nil], ["rating", "PG"], ["release_date", Fri, 05 Nov 2004 00:00:00 UTC +00:00], ["title", "The Incredibles"], ["updated_at", Mon, 22 Jul 2013 17:28:12 UTC +00:00]]
  [1m[35mSQL (0.5ms)[0m  INSERT INTO "movies" ("created_at", "description", "rating", "release_date", "title", "updated_at") VALUES (?, ?, ?, ?, ?, ?)  [["created_at", Mon, 22 Jul 2013 17:28:12 UTC +00:00], ["description", nil], ["rating", "PG"], ["release_date", Fri, 12 Jun 1981 00:00:00 UTC +00:00], ["title", "Raiders of the Lost Ark"], ["updated_at", Mon, 22 Jul 2013 17:28:12 UTC +00:00]]
  [1m[36mSQL (0.5ms)[0m  [1mINSERT INTO "movies" ("created_at", "description", "rating", "release_date", "title", "updated_at") VALUES (?, ?, ?, ?, ?, ?)[0m  [["created_at", Mon, 22 Jul 2013 17:28:12 UTC +00:00], ["description", nil], ["rating", "G"], ["release_date", Wed, 21 Jun 2000 00:00:00 UTC +00:00], ["title", "Chicken Run"], ["updated_at", Mon, 22 Jul 2013 17:28:12 UTC +00:00]]


Started GET "/assets/rails.png" for 50.74.45.230 at 2013-07-22 17:49:23 +0000
Served asset /rails.png - 200 OK (17ms)


Started GET "/movies" for 50.74.45.230 at 2013-07-22 17:49:30 +0000
  Processing by MoviesController#index as HTML
  [1m[36mMovie Load (0.3ms)[0m  [1mSELECT "movies".* FROM "movies" [0m
Rendered movies/index.html.haml within layouts/application (20.5ms)
Compiled application.css  (1ms)  (pid 1131)
Compiled application.js  (25ms)  (pid 1131)
Compiled jquery.js  (34ms)  (pid 1131)
Compiled jquery_ujs.js  (4ms)  (pid 1131)
Completed 200 OK in 161ms (Views: 159.3ms | ActiveRecord: 0.5ms)


Started GET "/assets/application.css?body=1" for 50.74.45.230 at 2013-07-22 17:49:32 +0000
Served asset /application.css - 200 OK (2ms)


Started GET "/assets/jquery.js?body=1" for 50.74.45.230 at 2013-07-22 17:49:32 +0000
Served asset /jquery.js - 200 OK (7ms)


Started GET "/assets/jquery_ujs.js?body=1" for 50.74.45.230 at 2013-07-22 17:49:32 +0000
Served asset /jquery_ujs.js - 200 OK (4ms)


Started GET "/assets/application.js?body=1" for 50.74.45.230 at 2013-07-22 17:49:33 +0000
Served asset /application.js - 200 OK (4ms)
  [1m[36m (1.9ms)[0m  [1mSELECT "schema_migrations"."version" FROM "schema_migrations" [0m
Migrating to CreateMovies (20111119180638)
  [1m[35m (0.3ms)[0m  select sqlite_version(*)
  [1m[36m (0.1ms)[0m  [1mSELECT "schema_migrations"."version" FROM "schema_migrations" [0m
  [1m[35m (0.0ms)[0m  PRAGMA index_list("movies")
  [1m[36m (1.9ms)[0m  [1mSELECT "schema_migrations"."version" FROM "schema_migrations" [0m
  [1m[35mSQL (18.8ms)[0m  INSERT INTO "movies" ("created_at", "description", "rating", "release_date", "title", "updated_at") VALUES (?, ?, ?, ?, ?, ?)  [["created_at", Mon, 22 Jul 2013 18:11:26 UTC +00:00], ["description", nil], ["rating", "G"], ["release_date", Wed, 25 Nov 1992 00:00:00 UTC +00:00], ["title", "Aladdin"], ["updated_at", Mon, 22 Jul 2013 18:11:26 UTC +00:00]]
  [1m[36mSQL (0.5ms)[0m  [1mINSERT INTO "movies" ("created_at", "description", "rating", "release_date", "title", "updated_at") VALUES (?, ?, ?, ?, ?, ?)[0m  [["created_at", Mon, 22 Jul 2013 18:11:26 UTC +00:00], ["description", nil], ["rating", "R"], ["release_date", Fri, 26 Oct 1984 00:00:00 UTC +00:00], ["title", "The Terminator"], ["updated_at", Mon, 22 Jul 2013 18:11:26 UTC +00:00]]
  [1m[35mSQL (0.4ms)[0m  INSERT INTO "movies" ("created_at", "description", "rating", "release_date", "title", "updated_at") VALUES (?, ?, ?, ?, ?, ?)  [["created_at", Mon, 22 Jul 2013 18:11:26 UTC +00:00], ["description", nil], ["rating", "R"], ["release_date", Fri, 21 Jul 1989 00:00:00 UTC +00:00], ["title", "When Harry Met Sally"], ["updated_at", Mon, 22 Jul 2013 18:11:26 UTC +00:00]]
  [1m[36mSQL (0.4ms)[0m  [1mINSERT INTO "movies" ("created_at", "description", "rating", "release_date", "title", "updated_at") VALUES (?, ?, ?, ?, ?, ?)[0m  [["created_at", Mon, 22 Jul 2013 18:11:26 UTC +00:00], ["description", nil], ["rating", "PG-13"], ["release_date", Wed, 10 Aug 2011 00:00:00 UTC +00:00], ["title", "The Help"], ["updated_at", Mon, 22 Jul 2013 18:11:26 UTC +00:00]]
  [1m[35mSQL (0.4ms)[0m  INSERT INTO "movies" ("created_at", "description", "rating", "release_date", "title", "updated_at") VALUES (?, ?, ?, ?, ?, ?)  [["created_at", Mon, 22 Jul 2013 18:11:26 UTC +00:00], ["description", nil], ["rating", "PG-13"], ["release_date", Fri, 05 Jan 2001 00:00:00 UTC +00:00], ["title", "Chocolat"], ["updated_at", Mon, 22 Jul 2013 18:11:26 UTC +00:00]]
  [1m[36mSQL (0.4ms)[0m  [1mINSERT INTO "movies" ("created_at", "description", "rating", "release_date", "title", "updated_at") VALUES (?, ?, ?, ?, ?, ?)[0m  [["created_at", Mon, 22 Jul 2013 18:11:26 UTC +00:00], ["description", nil], ["rating", "R"], ["release_date", Wed, 25 Apr 2001 00:00:00 UTC +00:00], ["title", "Amelie"], ["updated_at", Mon, 22 Jul 2013 18:11:26 UTC +00:00]]
  [1m[35mSQL (0.5ms)[0m  INSERT INTO "movies" ("created_at", "description", "rating", "release_date", "title", "updated_at") VALUES (?, ?, ?, ?, ?, ?)  [["created_at", Mon, 22 Jul 2013 18:11:26 UTC +00:00], ["description", nil], ["rating", "G"], ["release_date", Sat, 06 Apr 1968 00:00:00 UTC +00:00], ["title", "2001: A Space Odyssey"], ["updated_at", Mon, 22 Jul 2013 18:11:26 UTC +00:00]]
  [1m[36mSQL (0.4ms)[0m  [1mINSERT INTO "movies" ("created_at", "description", "rating", "release_date", "title", "updated_at") VALUES (?, ?, ?, ?, ?, ?)[0m  [["created_at", Mon, 22 Jul 2013 18:11:26 UTC +00:00], ["description", nil], ["rating", "PG"], ["release_date", Fri, 05 Nov 2004 00:00:00 UTC +00:00], ["title", "The Incredibles"], ["updated_at", Mon, 22 Jul 2013 18:11:26 UTC +00:00]]
  [1m[35mSQL (0.5ms)[0m  INSERT INTO "movies" ("created_at", "description", "rating", "release_date", "title", "updated_at") VALUES (?, ?, ?, ?, ?, ?)  [["created_at", Mon, 22 Jul 2013 18:11:26 UTC +00:00], ["description", nil], ["rating", "PG"], ["release_date", Fri, 12 Jun 1981 00:00:00 UTC +00:00], ["title", "Raiders of the Lost Ark"], ["updated_at", Mon, 22 Jul 2013 18:11:26 UTC +00:00]]
  [1m[36mSQL (0.4ms)[0m  [1mINSERT INTO "movies" ("created_at", "description", "rating", "release_date", "title", "updated_at") VALUES (?, ?, ?, ?, ?, ?)[0m  [["created_at", Mon, 22 Jul 2013 18:11:26 UTC +00:00], ["description", nil], ["rating", "G"], ["release_date", Wed, 21 Jun 2000 00:00:00 UTC +00:00], ["title", "Chicken Run"], ["updated_at", Mon, 22 Jul 2013 18:11:26 UTC +00:00]]
  [1m[36m (3.3ms)[0m  [1mSELECT "schema_migrations"."version" FROM "schema_migrations" [0m
Migrating to CreateMovies (20111119180638)
  [1m[35m (0.3ms)[0m  select sqlite_version(*)
  [1m[36m (0.2ms)[0m  [1mSELECT "schema_migrations"."version" FROM "schema_migrations" [0m
  [1m[35m (0.0ms)[0m  PRAGMA index_list("movies")
  [1m[36m (1.6ms)[0m  [1mSELECT "schema_migrations"."version" FROM "schema_migrations" [0m
  [1m[35mSQL (7.7ms)[0m  INSERT INTO "movies" ("created_at", "description", "rating", "release_date", "title", "updated_at") VALUES (?, ?, ?, ?, ?, ?)  [["created_at", Sun, 21 Jul 2013 21:27:35 UTC +00:00], ["description", nil], ["rating", "G"], ["release_date", Wed, 25 Nov 1992 00:00:00 UTC +00:00], ["title", "Aladdin"], ["updated_at", Sun, 21 Jul 2013 21:27:35 UTC +00:00]]
  [1m[36mSQL (0.4ms)[0m  [1mINSERT INTO "movies" ("created_at", "description", "rating", "release_date", "title", "updated_at") VALUES (?, ?, ?, ?, ?, ?)[0m  [["created_at", Sun, 21 Jul 2013 21:27:35 UTC +00:00], ["description", nil], ["rating", "R"], ["release_date", Fri, 26 Oct 1984 00:00:00 UTC +00:00], ["title", "The Terminator"], ["updated_at", Sun, 21 Jul 2013 21:27:35 UTC +00:00]]
  [1m[35mSQL (0.5ms)[0m  INSERT INTO "movies" ("created_at", "description", "rating", "release_date", "title", "updated_at") VALUES (?, ?, ?, ?, ?, ?)  [["created_at", Sun, 21 Jul 2013 21:27:36 UTC +00:00], ["description", nil], ["rating", "R"], ["release_date", Fri, 21 Jul 1989 00:00:00 UTC +00:00], ["title", "When Harry Met Sally"], ["updated_at", Sun, 21 Jul 2013 21:27:36 UTC +00:00]]
  [1m[36mSQL (0.6ms)[0m  [1mINSERT INTO "movies" ("created_at", "description", "rating", "release_date", "title", "updated_at") VALUES (?, ?, ?, ?, ?, ?)[0m  [["created_at", Sun, 21 Jul 2013 21:27:36 UTC +00:00], ["description", nil], ["rating", "PG-13"], ["release_date", Wed, 10 Aug 2011 00:00:00 UTC +00:00], ["title", "The Help"], ["updated_at", Sun, 21 Jul 2013 21:27:36 UTC +00:00]]
  [1m[35mSQL (0.4ms)[0m  INSERT INTO "movies" ("created_at", "description", "rating", "release_date", "title", "updated_at") VALUES (?, ?, ?, ?, ?, ?)  [["created_at", Sun, 21 Jul 2013 21:27:36 UTC +00:00], ["description", nil], ["rating", "PG-13"], ["release_date", Fri, 05 Jan 2001 00:00:00 UTC +00:00], ["title", "Chocolat"], ["updated_at", Sun, 21 Jul 2013 21:27:36 UTC +00:00]]
  [1m[36mSQL (0.6ms)[0m  [1mINSERT INTO "movies" ("created_at", "description", "rating", "release_date", "title", "updated_at") VALUES (?, ?, ?, ?, ?, ?)[0m  [["created_at", Sun, 21 Jul 2013 21:27:36 UTC +00:00], ["description", nil], ["rating", "R"], ["release_date", Wed, 25 Apr 2001 00:00:00 UTC +00:00], ["title", "Amelie"], ["updated_at", Sun, 21 Jul 2013 21:27:36 UTC +00:00]]
  [1m[35mSQL (0.5ms)[0m  INSERT INTO "movies" ("created_at", "description", "rating", "release_date", "title", "updated_at") VALUES (?, ?, ?, ?, ?, ?)  [["created_at", Sun, 21 Jul 2013 21:27:36 UTC +00:00], ["description", nil], ["rating", "G"], ["release_date", Sat, 06 Apr 1968 00:00:00 UTC +00:00], ["title", "2001: A Space Odyssey"], ["updated_at", Sun, 21 Jul 2013 21:27:36 UTC +00:00]]
  [1m[36mSQL (0.1ms)[0m  [1mINSERT INTO "movies" ("created_at", "description", "rating", "release_date", "title", "updated_at") VALUES (?, ?, ?, ?, ?, ?)[0m  [["created_at", Sun, 21 Jul 2013 21:27:37 UTC +00:00], ["description", nil], ["rating", "PG"], ["release_date", Fri, 05 Nov 2004 00:00:00 UTC +00:00], ["title", "The Incredibles"], ["updated_at", Sun, 21 Jul 2013 21:27:37 UTC +00:00]]
  [1m[35mSQL (0.5ms)[0m  INSERT INTO "movies" ("created_at", "description", "rating", "release_date", "title", "updated_at") VALUES (?, ?, ?, ?, ?, ?)  [["created_at", Sun, 21 Jul 2013 21:27:37 UTC +00:00], ["description", nil], ["rating", "PG"], ["release_date", Fri, 12 Jun 1981 00:00:00 UTC +00:00], ["title", "Raiders of the Lost Ark"], ["updated_at", Sun, 21 Jul 2013 21:27:37 UTC +00:00]]
  [1m[36mSQL (0.5ms)[0m  [1mINSERT INTO "movies" ("created_at", "description", "rating", "release_date", "title", "updated_at") VALUES (?, ?, ?, ?, ?, ?)[0m  [["created_at", Sun, 21 Jul 2013 21:27:37 UTC +00:00], ["description", nil], ["rating", "G"], ["release_date", Wed, 21 Jun 2000 00:00:00 UTC +00:00], ["title", "Chicken Run"], ["updated_at", Sun, 21 Jul 2013 21:27:37 UTC +00:00]]


Started GET "/assets/rails.png" for 192.168.2.8 at 2013-07-21 19:14:38 -0400
Served asset /rails.png - 200 OK (2ms)


Started GET "/movies" for 192.168.2.8 at 2013-07-21 19:15:02 -0400
  Processing by MoviesController#index as HTML
  [1m[36mMovie Load (0.4ms)[0m  [1mSELECT "movies".* FROM "movies" [0m
Rendered movies/index.html.haml within layouts/application (53.1ms)
Cache for Asset (application.js) is stale
/home/ubuntu/.rvm/gems/ruby-1.9.3-p448/gems/jquery-rails-1.0.19/vendor/assets/javascripts/jquery.js isn't in paths: /home/andrey/dev/hw2/app/assets/images, /home/andrey/dev/hw2/app/assets/javascripts, /home/andrey/dev/hw2/app/assets/stylesheets, /home/andrey/.rvm/gems/ruby-1.9.3-p448/gems/jquery-rails-1.0.19/vendor/assets/javascripts
Compiled application.js  (2ms)  (pid 20737)
Compiled jquery.js  (2ms)  (pid 20737)
Compiled jquery_ujs.js  (0ms)  (pid 20737)
Completed 200 OK in 130ms (Views: 127.7ms | ActiveRecord: 0.6ms)


Started GET "/assets/application.css?body=1" for 192.168.2.8 at 2013-07-21 19:15:08 -0400
Served asset /application.css - 200 OK (0ms)


Started GET "/assets/jquery.js?body=1" for 192.168.2.8 at 2013-07-21 19:15:08 -0400
Served asset /jquery.js - 200 OK (9ms)


Started GET "/assets/application.js?body=1" for 192.168.2.8 at 2013-07-21 19:15:13 -0400
Served asset /application.js - 200 OK (3ms)


Started GET "/assets/jquery_ujs.js?body=1" for 192.168.2.8 at 2013-07-21 19:15:18 -0400
Served asset /jquery_ujs.js - 200 OK (4ms)


Started GET "/movies/1" for 192.168.2.8 at 2013-07-22 23:28:31 -0400
  Processing by MoviesController#show as HTML
  Parameters: {"id"=>"1"}
  [1m[35mMovie Load (0.4ms)[0m  SELECT "movies".* FROM "movies" WHERE "movies"."id" = ? LIMIT 1  [["id", "1"]]
Rendered movies/show.html.haml within layouts/application (18.8ms)
Completed 200 OK in 35ms (Views: 29.4ms | ActiveRecord: 1.6ms)


Started GET "/assets/application.css?body=1" for 192.168.2.8 at 2013-07-22 23:28:38 -0400
Served asset /application.css - 304 Not Modified (0ms)


Started GET "/assets/jquery.js?body=1" for 192.168.2.8 at 2013-07-22 23:28:43 -0400
Served asset /jquery.js - 304 Not Modified (0ms)


Started GET "/assets/application.js?body=1" for 192.168.2.8 at 2013-07-22 23:28:43 -0400
Served asset /application.js - 304 Not Modified (0ms)


Started GET "/assets/jquery_ujs.js?body=1" for 192.168.2.8 at 2013-07-22 23:28:43 -0400
Served asset /jquery_ujs.js - 304 Not Modified (0ms)


Started GET "/movies/1/edit" for 192.168.2.8 at 2013-07-22 23:29:17 -0400
  Processing by MoviesController#edit as HTML
  Parameters: {"id"=>"1"}
  [1m[36mMovie Load (0.2ms)[0m  [1mSELECT "movies".* FROM "movies" WHERE "movies"."id" = ? LIMIT 1[0m  [["id", "1"]]
Rendered movies/edit.html.haml within layouts/application (14.4ms)
Completed 200 OK in 54ms (Views: 51.2ms | ActiveRecord: 0.6ms)


Started GET "/assets/application.css?body=1" for 192.168.2.8 at 2013-07-22 23:29:22 -0400
Served asset /application.css - 304 Not Modified (0ms)


Started GET "/assets/jquery.js?body=1" for 192.168.2.8 at 2013-07-22 23:29:27 -0400
Served asset /jquery.js - 304 Not Modified (0ms)


Started GET "/assets/application.js?body=1" for 192.168.2.8 at 2013-07-22 23:29:27 -0400
Served asset /application.js - 304 Not Modified (0ms)


Started GET "/assets/jquery_ujs.js?body=1" for 192.168.2.8 at 2013-07-22 23:29:27 -0400
Served asset /jquery_ujs.js - 304 Not Modified (0ms)


Started PUT "/movies/1" for 192.168.2.8 at 2013-07-22 23:37:14 -0400
  Processing by MoviesController#update as HTML
  Parameters: {"utf8"=>"✓", "authenticity_token"=>"g9+76dTswpc3Ox4eyZtpDMU/D97AKf2Y/oc2KLrHA90=", "movie"=>{"title"=>"Aladdin", "rating"=>"G", "release_date(1i)"=>"1992", "release_date(2i)"=>"11", "release_date(3i)"=>"25"}, "commit"=>"Update Movie Info", "id"=>"1"}
  [1m[35mMovie Load (0.2ms)[0m  SELECT "movies".* FROM "movies" WHERE "movies"."id" = ? LIMIT 1  [["id", "1"]]
Redirected to http://192.168.2.7:3000/movies/1
Completed 302 Found in 11ms


Started GET "/movies/1" for 192.168.2.8 at 2013-07-22 23:37:25 -0400
  Processing by MoviesController#show as HTML
  Parameters: {"id"=>"1"}
  [1m[36mMovie Load (0.2ms)[0m  [1mSELECT "movies".* FROM "movies" WHERE "movies"."id" = ? LIMIT 1[0m  [["id", "1"]]
Rendered movies/show.html.haml within layouts/application (9.2ms)
Completed 200 OK in 17ms (Views: 14.2ms | ActiveRecord: 0.8ms)


Started GET "/assets/jquery.js?body=1" for 192.168.2.8 at 2013-07-22 23:37:30 -0400
Served asset /jquery.js - 304 Not Modified (0ms)


Started GET "/assets/application.css?body=1" for 192.168.2.8 at 2013-07-22 23:37:30 -0400
Served asset /application.css - 304 Not Modified (0ms)


Started GET "/assets/application.js?body=1" for 192.168.2.8 at 2013-07-22 23:37:35 -0400
Served asset /application.js - 304 Not Modified (0ms)


Started GET "/assets/jquery_ujs.js?body=1" for 192.168.2.8 at 2013-07-22 23:37:35 -0400
Served asset /jquery_ujs.js - 304 Not Modified (0ms)


Started GET "/movies?sort=title" for 192.168.2.8 at 2013-07-23 00:29:04 -0400
  Processing by MoviesController#index as HTML
  Parameters: {"sort"=>"title"}
  [1m[35mMovie Load (0.5ms)[0m  SELECT "movies".* FROM "movies" 
Rendered movies/index.html.haml within layouts/application (30.8ms)
Completed 200 OK in 45ms (Views: 41.2ms | ActiveRecord: 1.0ms)


Started GET "/assets/application.css?body=1" for 192.168.2.8 at 2013-07-23 00:29:09 -0400
Served asset /application.css - 304 Not Modified (0ms)


Started GET "/assets/jquery.js?body=1" for 192.168.2.8 at 2013-07-23 00:29:19 -0400
Served asset /jquery.js - 304 Not Modified (0ms)


Started GET "/assets/application.js?body=1" for 192.168.2.8 at 2013-07-23 00:29:19 -0400
Served asset /application.js - 304 Not Modified (0ms)


Started GET "/assets/jquery_ujs.js?body=1" for 192.168.2.8 at 2013-07-23 00:29:19 -0400
Served asset /jquery_ujs.js - 304 Not Modified (0ms)


Started GET "/movies" for 192.168.2.8 at 2013-07-23 01:13:46 -0400

SyntaxError (/home/andrey/dev/hw2/config/routes.rb:4: syntax error, unexpected tLPAREN_ARG, expecting keyword_do or '{' or '('
  root :to => redirect ('/movies')
                        ^):
  

Rendered /home/andrey/.rvm/gems/ruby-1.9.3-p448/gems/actionpack-3.1.0/lib/action_dispatch/middleware/templates/rescues/_trace.erb (1.2ms)
Rendered /home/andrey/.rvm/gems/ruby-1.9.3-p448/gems/actionpack-3.1.0/lib/action_dispatch/middleware/templates/rescues/_request_and_response.erb (1.0ms)
Rendered /home/andrey/.rvm/gems/ruby-1.9.3-p448/gems/actionpack-3.1.0/lib/action_dispatch/middleware/templates/rescues/diagnostics.erb within rescues/layout (28.6ms)


Started GET "/movies" for 192.168.2.8 at 2013-07-23 01:15:12 -0400
  Processing by MoviesController#index as HTML
  [1m[36mMovie Load (0.1ms)[0m  [1mSELECT "movies".* FROM "movies" [0m
Rendered movies/index.html.haml within layouts/application (27.2ms)
Completed 200 OK in 34ms (Views: 33.2ms | ActiveRecord: 0.5ms)


Started GET "/assets/application.css?body=1" for 192.168.2.8 at 2013-07-23 01:15:17 -0400
Served asset /application.css - 304 Not Modified (0ms)


Started GET "/assets/jquery.js?body=1" for 192.168.2.8 at 2013-07-23 01:15:17 -0400
Served asset /jquery.js - 304 Not Modified (0ms)


Started GET "/assets/jquery_ujs.js?body=1" for 192.168.2.8 at 2013-07-23 01:15:17 -0400
Served asset /jquery_ujs.js - 304 Not Modified (0ms)


Started GET "/assets/application.js?body=1" for 192.168.2.8 at 2013-07-23 01:15:22 -0400
Served asset /application.js - 304 Not Modified (0ms)


Started GET "/movies" for 192.168.2.8 at 2013-07-23 01:15:39 -0400
  Processing by MoviesController#index as HTML
  [1m[35mMovie Load (0.3ms)[0m  SELECT "movies".* FROM "movies" 
Rendered movies/index.html.haml within layouts/application (51.0ms)
Completed 200 OK in 57ms (Views: 55.6ms | ActiveRecord: 0.7ms)


Started GET "/assets/jquery.js?body=1" for 192.168.2.8 at 2013-07-23 01:15:54 -0400
Served asset /jquery.js - 304 Not Modified (0ms)


Started GET "/assets/application.css?body=1" for 192.168.2.8 at 2013-07-23 01:15:54 -0400
Served asset /application.css - 304 Not Modified (0ms)


Started GET "/assets/application.js?body=1" for 192.168.2.8 at 2013-07-23 01:15:55 -0400
Served asset /application.js - 304 Not Modified (0ms)


Started GET "/assets/jquery_ujs.js?body=1" for 192.168.2.8 at 2013-07-23 01:15:59 -0400
Served asset /jquery_ujs.js - 304 Not Modified (0ms)


Started GET "/movies" for 192.168.2.8 at 2013-07-23 01:22:54 -0400
  Processing by MoviesController#index as HTML
  [1m[36mMovie Load (0.4ms)[0m  [1mSELECT "movies".* FROM "movies" [0m
Rendered movies/index.html.haml within layouts/application (54.3ms)
Completed 200 OK in 106ms (Views: 104.6ms | ActiveRecord: 0.6ms)


Started GET "/assets/jquery.js?body=1" for 192.168.2.8 at 2013-07-23 01:23:00 -0400
Served asset /jquery.js - 200 OK (14ms)


Started GET "/assets/application.css?body=1" for 192.168.2.8 at 2013-07-23 01:23:00 -0400
Served asset /application.css - 200 OK (0ms)


Started GET "/assets/jquery_ujs.js?body=1" for 192.168.2.8 at 2013-07-23 01:23:05 -0400
Served asset /jquery_ujs.js - 200 OK (2ms)


Started GET "/assets/application.js?body=1" for 192.168.2.8 at 2013-07-23 01:23:05 -0400
Served asset /application.js - 200 OK (0ms)


Started GET "/movies?sort=title" for 192.168.2.8 at 2013-07-23 01:23:20 -0400
  Processing by MoviesController#index as HTML
  Parameters: {"sort"=>"title"}
  [1m[35mMovie Load (0.4ms)[0m  SELECT "movies".* FROM "movies" ORDER BY title
Rendered movies/index.html.haml within layouts/application (25.2ms)
Completed 200 OK in 32ms (Views: 30.4ms | ActiveRecord: 0.8ms)


Started GET "/movies?sort=release_date" for 192.168.2.8 at 2013-07-23 01:23:28 -0400
  Processing by MoviesController#index as HTML
  Parameters: {"sort"=>"release_date"}
  [1m[36mMovie Load (0.4ms)[0m  [1mSELECT "movies".* FROM "movies" ORDER BY release_date[0m
Rendered movies/index.html.haml within layouts/application (24.1ms)
Completed 200 OK in 30ms (Views: 29.1ms | ActiveRecord: 0.9ms)


Started GET "/movies?sort=release_date" for 192.168.2.8 at 2013-07-23 01:26:13 -0400
  Processing by MoviesController#index as HTML
  Parameters: {"sort"=>"release_date"}
  [1m[35mMovie Load (0.5ms)[0m  SELECT "movies".* FROM "movies" ORDER BY release_date
Rendered movies/index.html.haml within layouts/application (28.4ms)
Compiled application.css  (0ms)  (pid 21253)
Completed 200 OK in 39ms (Views: 37.4ms | ActiveRecord: 1.0ms)


Started GET "/assets/application.css?body=1" for 192.168.2.8 at 2013-07-23 01:26:18 -0400
Served asset /application.css - 200 OK (1ms)


Started GET "/assets/application.js?body=1" for 192.168.2.8 at 2013-07-23 01:26:23 -0400
Served asset /application.js - 304 Not Modified (0ms)


Started GET "/assets/jquery_ujs.js?body=1" for 192.168.2.8 at 2013-07-23 01:26:23 -0400
Served asset /jquery_ujs.js - 304 Not Modified (0ms)


Started GET "/assets/jquery.js?body=1" for 192.168.2.8 at 2013-07-23 01:26:23 -0400
Served asset /jquery.js - 304 Not Modified (0ms)


Started GET "/movies?sort=title" for 192.168.2.8 at 2013-07-23 01:26:34 -0400
  Processing by MoviesController#index as HTML
  Parameters: {"sort"=>"title"}
  [1m[36mMovie Load (0.2ms)[0m  [1mSELECT "movies".* FROM "movies" ORDER BY title[0m
Rendered movies/index.html.haml within layouts/application (25.6ms)
Completed 200 OK in 31ms (Views: 30.0ms | ActiveRecord: 0.6ms)


Started GET "/assets/jquery.js?body=1" for 192.168.2.8 at 2013-07-23 01:26:44 -0400
Served asset /jquery.js - 304 Not Modified (0ms)


Started GET "/assets/application.css?body=1" for 192.168.2.8 at 2013-07-23 01:26:44 -0400
Served asset /application.css - 304 Not Modified (0ms)


Started GET "/assets/jquery_ujs.js?body=1" for 192.168.2.8 at 2013-07-23 01:26:44 -0400
Served asset /jquery_ujs.js - 304 Not Modified (0ms)


Started GET "/assets/application.js?body=1" for 192.168.2.8 at 2013-07-23 01:26:44 -0400
Served asset /application.js - 304 Not Modified (0ms)


Started GET "/movies?sort=title" for 192.168.2.8 at 2013-07-23 01:42:13 -0400
  Processing by MoviesController#index as HTML
  Parameters: {"sort"=>"title"}
  [1m[35mMovie Load (0.5ms)[0m  SELECT "movies".* FROM "movies" ORDER BY title
Rendered movies/index.html.haml within layouts/application (53.4ms)
Completed 200 OK in 60ms (Views: 58.7ms | ActiveRecord: 1.0ms)


Started GET "/assets/application.css?body=1" for 192.168.2.8 at 2013-07-23 01:42:18 -0400
Served asset /application.css - 304 Not Modified (0ms)


Started GET "/assets/jquery.js?body=1" for 192.168.2.8 at 2013-07-23 01:42:18 -0400
Served asset /jquery.js - 304 Not Modified (0ms)


Started GET "/assets/jquery_ujs.js?body=1" for 192.168.2.8 at 2013-07-23 01:42:23 -0400
Served asset /jquery_ujs.js - 304 Not Modified (0ms)


Started GET "/assets/application.js?body=1" for 192.168.2.8 at 2013-07-23 01:42:23 -0400
Served asset /application.js - 304 Not Modified (0ms)


Started GET "/movies?sort=title" for 192.168.2.8 at 2013-07-23 01:47:12 -0400
  Processing by MoviesController#index as HTML
  Parameters: {"sort"=>"title"}
ERROR: compiling _app_views_movies_index_html_haml__435487022__649511318 RAISED /home/andrey/dev/hw2/app/views/movies/index.html.haml:9: syntax error, unexpected tIDENTIFIER, expecting ')'
...& @sort="release_date"} link_to  "Release Date", movies_path...
...                               ^
Function body:           def _app_views_movies_index_html_haml__435487022__649511318(local_assigns, output_buffer)
            _old_virtual_path, @virtual_path = @virtual_path, "movies/index";_old_output_buffer = @output_buffer;;begin;extend Haml::Helpers;_hamlout = @haml_buffer = Haml::Buffer.new(@haml_buffer, {:autoclose=>["meta", "img", "link", "br", "hr", "input", "area", "param", "col", "base"], :preserve=>["textarea", "pre", "code"], :attr_wrapper=>"'", :ugly=>false, :format=>:html5, :encoding=>"UTF-8", :escape_html=>true, :escape_attrs=>true});_erbout = _hamlout.buffer;__in_erb_template = true;;_hamlout.push_text("<h1>All Movies</h1>\n<table id='movies'>\n  <thead>\n    <tr>\n      <th#{_hamlout.adjust_tabs(3); 





_hamlout.attributes({}, nil,  class: "hilite" && @sort="title" )}>#{_hamlout.adjust_tabs(1); _hamlout.format_script_false_true_false_true_false_true_false((link_to "Movie Title", movies_path(sort: "title"), id: "title_header"
));}</th>\n      <th>Rating</th>\n      <th>#{_hamlout.adjust_tabs(1); 
_hamlout.format_script_false_true_false_true_false_true_false(({ class: "hilite" && @sort="release_date"} link_to  "Release Date", movies_path(sort: "release_date"), id: "release_date_header"
));}</th>\n      <th>More Info</th>\n    </tr>\n  </thead>\n  <tbody>\n", -1, false);


 @movies.each do |movie|
_hamlout.push_text("    <tr>\n      <td>#{_hamlout.adjust_tabs(2); 
_hamlout.format_script_false_true_false_true_false_true_false((movie.title
));}</td>\n      <td>#{_hamlout.adjust_tabs(1); _hamlout.format_script_false_true_false_true_false_true_false((movie.rating
));}</td>\n      <td>#{_hamlout.adjust_tabs(1); _hamlout.format_script_false_true_false_true_false_true_false((movie.release_date
));}</td>\n      <td>#{_hamlout.adjust_tabs(1); _hamlout.format_script_false_true_false_true_false_true_false((link_to "More about #{movie.title}", movie_path(movie)
));}</td>\n    </tr>\n", -1, false);end
_hamlout.push_text("  </tbody>\n</table>\n#{_hamlout.adjust_tabs(-2); _hamlout.format_script_false_false_false_true_false_true_false(( link_to 'Add new movie', new_movie_path
));}\n", 0, false);::Haml::Util.html_safe(_erbout);ensure;@haml_buffer = @haml_buffer.upper if @haml_buffer;end;
          ensure
            @virtual_path, @output_buffer = _old_virtual_path, _old_output_buffer
          end
Backtrace: /home/andrey/.rvm/gems/ruby-1.9.3-p448/gems/actionpack-3.1.0/lib/action_view/template.rb:282:in `module_eval'
/home/andrey/.rvm/gems/ruby-1.9.3-p448/gems/actionpack-3.1.0/lib/action_view/template.rb:282:in `compile'
/home/andrey/.rvm/gems/ruby-1.9.3-p448/gems/actionpack-3.1.0/lib/action_view/template.rb:190:in `compile!'
/home/andrey/.rvm/gems/ruby-1.9.3-p448/gems/actionpack-3.1.0/lib/action_view/template.rb:143:in `block in render'
/home/andrey/.rvm/gems/ruby-1.9.3-p448/gems/activesupport-3.1.0/lib/active_support/notifications.rb:55:in `instrument'
/home/andrey/.rvm/gems/ruby-1.9.3-p448/gems/actionpack-3.1.0/lib/action_view/template.rb:142:in `render'
/home/andrey/.rvm/gems/ruby-1.9.3-p448/gems/actionpack-3.1.0/lib/action_view/renderer/template_renderer.rb:40:in `block (2 levels) in render_template'
/home/andrey/.rvm/gems/ruby-1.9.3-p448/gems/actionpack-3.1.0/lib/action_view/renderer/abstract_renderer.rb:33:in `block in instrument'
/home/andrey/.rvm/gems/ruby-1.9.3-p448/gems/activesupport-3.1.0/lib/active_support/notifications.rb:53:in `block in instrument'
/home/andrey/.rvm/gems/ruby-1.9.3-p448/gems/activesupport-3.1.0/lib/active_support/notifications/instrumenter.rb:21:in `instrument'
/home/andrey/.rvm/gems/ruby-1.9.3-p448/gems/activesupport-3.1.0/lib/active_support/notifications.rb:53:in `instrument'
/home/andrey/.rvm/gems/ruby-1.9.3-p448/gems/actionpack-3.1.0/lib/action_view/renderer/abstract_renderer.rb:33:in `instrument'
/home/andrey/.rvm/gems/ruby-1.9.3-p448/gems/actionpack-3.1.0/lib/action_view/renderer/template_renderer.rb:39:in `block in render_template'
/home/andrey/.rvm/gems/ruby-1.9.3-p448/gems/actionpack-3.1.0/lib/action_view/renderer/template_renderer.rb:47:in `render_with_layout'
/home/andrey/.rvm/gems/ruby-1.9.3-p448/gems/actionpack-3.1.0/lib/action_view/renderer/template_renderer.rb:38:in `render_template'
/home/andrey/.rvm/gems/ruby-1.9.3-p448/gems/actionpack-3.1.0/lib/action_view/renderer/template_renderer.rb:12:in `block in render'
/home/andrey/.rvm/gems/ruby-1.9.3-p448/gems/actionpack-3.1.0/lib/action_view/renderer/abstract_renderer.rb:22:in `wrap_formats'
/home/andrey/.rvm/gems/ruby-1.9.3-p448/gems/actionpack-3.1.0/lib/action_view/renderer/template_renderer.rb:9:in `render'
/home/andrey/.rvm/gems/ruby-1.9.3-p448/gems/actionpack-3.1.0/lib/action_view/renderer/renderer.rb:36:in `render_template'
/home/andrey/.rvm/gems/ruby-1.9.3-p448/gems/actionpack-3.1.0/lib/action_view/renderer/renderer.rb:17:in `render'
/home/andrey/.rvm/gems/ruby-1.9.3-p448/gems/actionpack-3.1.0/lib/abstract_controller/rendering.rb:120:in `_render_template'
/home/andrey/.rvm/gems/ruby-1.9.3-p448/gems/actionpack-3.1.0/lib/action_controller/metal/streaming.rb:250:in `_render_template'
/home/andrey/.rvm/gems/ruby-1.9.3-p448/gems/actionpack-3.1.0/lib/abstract_controller/rendering.rb:114:in `render_to_body'
/home/andrey/.rvm/gems/ruby-1.9.3-p448/gems/actionpack-3.1.0/lib/action_controller/metal/renderers.rb:30:in `render_to_body'
/home/andrey/.rvm/gems/ruby-1.9.3-p448/gems/actionpack-3.1.0/lib/action_controller/metal/compatibility.rb:43:in `render_to_body'
/home/andrey/.rvm/gems/ruby-1.9.3-p448/gems/actionpack-3.1.0/lib/abstract_controller/rendering.rb:99:in `render'
/home/andrey/.rvm/gems/ruby-1.9.3-p448/gems/actionpack-3.1.0/lib/action_controller/metal/rendering.rb:16:in `render'
/home/andrey/.rvm/gems/ruby-1.9.3-p448/gems/actionpack-3.1.0/lib/action_controller/metal/instrumentation.rb:40:in `block (2 levels) in render'
/home/andrey/.rvm/gems/ruby-1.9.3-p448/gems/activesupport-3.1.0/lib/active_support/core_ext/benchmark.rb:5:in `block in ms'
/home/andrey/.rvm/rubies/ruby-1.9.3-p448/lib/ruby/1.9.1/benchmark.rb:295:in `realtime'
/home/andrey/.rvm/gems/ruby-1.9.3-p448/gems/activesupport-3.1.0/lib/active_support/core_ext/benchmark.rb:5:in `ms'
/home/andrey/.rvm/gems/ruby-1.9.3-p448/gems/actionpack-3.1.0/lib/action_controller/metal/instrumentation.rb:40:in `block in render'
/home/andrey/.rvm/gems/ruby-1.9.3-p448/gems/actionpack-3.1.0/lib/action_controller/metal/instrumentation.rb:78:in `cleanup_view_runtime'
/home/andrey/.rvm/gems/ruby-1.9.3-p448/gems/activerecord-3.1.0/lib/active_record/railties/controller_runtime.rb:24:in `cleanup_view_runtime'
/home/andrey/.rvm/gems/ruby-1.9.3-p448/gems/actionpack-3.1.0/lib/action_controller/metal/instrumentation.rb:39:in `render'
/home/andrey/.rvm/gems/ruby-1.9.3-p448/gems/actionpack-3.1.0/lib/action_controller/metal/implicit_render.rb:10:in `default_render'
/home/andrey/.rvm/gems/ruby-1.9.3-p448/gems/actionpack-3.1.0/lib/action_controller/metal/implicit_render.rb:5:in `send_action'
/home/andrey/.rvm/gems/ruby-1.9.3-p448/gems/actionpack-3.1.0/lib/abstract_controller/base.rb:167:in `process_action'
/home/andrey/.rvm/gems/ruby-1.9.3-p448/gems/actionpack-3.1.0/lib/action_controller/metal/rendering.rb:10:in `process_action'
/home/andrey/.rvm/gems/ruby-1.9.3-p448/gems/actionpack-3.1.0/lib/abstract_controller/callbacks.rb:18:in `block in process_action'
/home/andrey/.rvm/gems/ruby-1.9.3-p448/gems/activesupport-3.1.0/lib/active_support/callbacks.rb:416:in `_run__30174066__process_action__495785782__callbacks'
/home/andrey/.rvm/gems/ruby-1.9.3-p448/gems/activesupport-3.1.0/lib/active_support/callbacks.rb:386:in `_run_process_action_callbacks'
/home/andrey/.rvm/gems/ruby-1.9.3-p448/gems/activesupport-3.1.0/lib/active_support/callbacks.rb:81:in `run_callbacks'
/home/andrey/.rvm/gems/ruby-1.9.3-p448/gems/actionpack-3.1.0/lib/abstract_controller/callbacks.rb:17:in `process_action'
/home/andrey/.rvm/gems/ruby-1.9.3-p448/gems/actionpack-3.1.0/lib/action_controller/metal/rescue.rb:17:in `process_action'
/home/andrey/.rvm/gems/ruby-1.9.3-p448/gems/actionpack-3.1.0/lib/action_controller/metal/instrumentation.rb:30:in `block in process_action'
/home/andrey/.rvm/gems/ruby-1.9.3-p448/gems/activesupport-3.1.0/lib/active_support/notifications.rb:53:in `block in instrument'
/home/andrey/.rvm/gems/ruby-1.9.3-p448/gems/activesupport-3.1.0/lib/active_support/notifications/instrumenter.rb:21:in `instrument'
/home/andrey/.rvm/gems/ruby-1.9.3-p448/gems/activesupport-3.1.0/lib/active_support/notifications.rb:53:in `instrument'
/home/andrey/.rvm/gems/ruby-1.9.3-p448/gems/actionpack-3.1.0/lib/action_controller/metal/instrumentation.rb:29:in `process_action'
/home/andrey/.rvm/gems/ruby-1.9.3-p448/gems/actionpack-3.1.0/lib/action_controller/metal/params_wrapper.rb:201:in `process_action'
/home/andrey/.rvm/gems/ruby-1.9.3-p448/gems/activerecord-3.1.0/lib/active_record/railties/controller_runtime.rb:18:in `process_action'
/home/andrey/.rvm/gems/ruby-1.9.3-p448/gems/actionpack-3.1.0/lib/abstract_controller/base.rb:121:in `process'
/home/andrey/.rvm/gems/ruby-1.9.3-p448/gems/actionpack-3.1.0/lib/abstract_controller/rendering.rb:45:in `process'
/home/andrey/.rvm/gems/ruby-1.9.3-p448/gems/actionpack-3.1.0/lib/action_controller/metal.rb:193:in `dispatch'
/home/andrey/.rvm/gems/ruby-1.9.3-p448/gems/actionpack-3.1.0/lib/action_controller/metal/rack_delegation.rb:14:in `dispatch'
/home/andrey/.rvm/gems/ruby-1.9.3-p448/gems/actionpack-3.1.0/lib/action_controller/metal.rb:236:in `block in action'
/home/andrey/.rvm/gems/ruby-1.9.3-p448/gems/actionpack-3.1.0/lib/action_dispatch/routing/route_set.rb:65:in `call'
/home/andrey/.rvm/gems/ruby-1.9.3-p448/gems/actionpack-3.1.0/lib/action_dispatch/routing/route_set.rb:65:in `dispatch'
/home/andrey/.rvm/gems/ruby-1.9.3-p448/gems/actionpack-3.1.0/lib/action_dispatch/routing/route_set.rb:29:in `call'
/home/andrey/.rvm/gems/ruby-1.9.3-p448/gems/rack-mount-0.8.3/lib/rack/mount/route_set.rb:152:in `block in call'
/home/andrey/.rvm/gems/ruby-1.9.3-p448/gems/rack-mount-0.8.3/lib/rack/mount/code_generation.rb:96:in `block in recognize'
/home/andrey/.rvm/gems/ruby-1.9.3-p448/gems/rack-mount-0.8.3/lib/rack/mount/code_generation.rb:75:in `optimized_each'
/home/andrey/.rvm/gems/ruby-1.9.3-p448/gems/rack-mount-0.8.3/lib/rack/mount/code_generation.rb:95:in `recognize'
/home/andrey/.rvm/gems/ruby-1.9.3-p448/gems/rack-mount-0.8.3/lib/rack/mount/route_set.rb:141:in `call'
/home/andrey/.rvm/gems/ruby-1.9.3-p448/gems/actionpack-3.1.0/lib/action_dispatch/routing/route_set.rb:531:in `call'
/home/andrey/.rvm/gems/ruby-1.9.3-p448/gems/actionpack-3.1.0/lib/action_dispatch/middleware/best_standards_support.rb:17:in `call'
/home/andrey/.rvm/gems/ruby-1.9.3-p448/gems/rack-1.3.5/lib/rack/etag.rb:23:in `call'
/home/andrey/.rvm/gems/ruby-1.9.3-p448/gems/rack-1.3.5/lib/rack/conditionalget.rb:25:in `call'
/home/andrey/.rvm/gems/ruby-1.9.3-p448/gems/actionpack-3.1.0/lib/action_dispatch/middleware/head.rb:14:in `call'
/home/andrey/.rvm/gems/ruby-1.9.3-p448/gems/actionpack-3.1.0/lib/action_dispatch/middleware/params_parser.rb:21:in `call'
/home/andrey/.rvm/gems/ruby-1.9.3-p448/gems/actionpack-3.1.0/lib/action_dispatch/middleware/flash.rb:243:in `call'
/home/andrey/.rvm/gems/ruby-1.9.3-p448/gems/rack-1.3.5/lib/rack/session/abstract/id.rb:195:in `context'
/home/andrey/.rvm/gems/ruby-1.9.3-p448/gems/rack-1.3.5/lib/rack/session/abstract/id.rb:190:in `call'
/home/andrey/.rvm/gems/ruby-1.9.3-p448/gems/actionpack-3.1.0/lib/action_dispatch/middleware/cookies.rb:326:in `call'
/home/andrey/.rvm/gems/ruby-1.9.3-p448/gems/activerecord-3.1.0/lib/active_record/query_cache.rb:62:in `call'
/home/andrey/.rvm/gems/ruby-1.9.3-p448/gems/activerecord-3.1.0/lib/active_record/connection_adapters/abstract/connection_pool.rb:477:in `call'
/home/andrey/.rvm/gems/ruby-1.9.3-p448/gems/actionpack-3.1.0/lib/action_dispatch/middleware/callbacks.rb:29:in `block in call'
/home/andrey/.rvm/gems/ruby-1.9.3-p448/gems/activesupport-3.1.0/lib/active_support/callbacks.rb:392:in `_run_call_callbacks'
/home/andrey/.rvm/gems/ruby-1.9.3-p448/gems/activesupport-3.1.0/lib/active_support/callbacks.rb:81:in `run_callbacks'
/home/andrey/.rvm/gems/ruby-1.9.3-p448/gems/actionpack-3.1.0/lib/action_dispatch/middleware/callbacks.rb:28:in `call'
/home/andrey/.rvm/gems/ruby-1.9.3-p448/gems/actionpack-3.1.0/lib/action_dispatch/middleware/reloader.rb:68:in `call'
/home/andrey/.rvm/gems/ruby-1.9.3-p448/gems/rack-1.3.5/lib/rack/sendfile.rb:101:in `call'
/home/andrey/.rvm/gems/ruby-1.9.3-p448/gems/actionpack-3.1.0/lib/action_dispatch/middleware/remote_ip.rb:48:in `call'
/home/andrey/.rvm/gems/ruby-1.9.3-p448/gems/actionpack-3.1.0/lib/action_dispatch/middleware/show_exceptions.rb:47:in `call'
/home/andrey/.rvm/gems/ruby-1.9.3-p448/gems/railties-3.1.0/lib/rails/rack/logger.rb:13:in `call'
/home/andrey/.rvm/gems/ruby-1.9.3-p448/gems/rack-1.3.5/lib/rack/methodoverride.rb:24:in `call'
/home/andrey/.rvm/gems/ruby-1.9.3-p448/gems/rack-1.3.5/lib/rack/runtime.rb:17:in `call'
/home/andrey/.rvm/gems/ruby-1.9.3-p448/gems/activesupport-3.1.0/lib/active_support/cache/strategy/local_cache.rb:72:in `call'
/home/andrey/.rvm/gems/ruby-1.9.3-p448/gems/rack-1.3.5/lib/rack/lock.rb:15:in `call'
/home/andrey/.rvm/gems/ruby-1.9.3-p448/gems/actionpack-3.1.0/lib/action_dispatch/middleware/static.rb:53:in `call'
/home/andrey/.rvm/gems/ruby-1.9.3-p448/gems/railties-3.1.0/lib/rails/engine.rb:455:in `call'
/home/andrey/.rvm/gems/ruby-1.9.3-p448/gems/railties-3.1.0/lib/rails/rack/content_length.rb:16:in `call'
/home/andrey/.rvm/gems/ruby-1.9.3-p448/gems/railties-3.1.0/lib/rails/rack/log_tailer.rb:14:in `call'
/home/andrey/.rvm/gems/ruby-1.9.3-p448/gems/rack-1.3.5/lib/rack/handler/webrick.rb:59:in `service'
/home/andrey/.rvm/rubies/ruby-1.9.3-p448/lib/ruby/1.9.1/webrick/httpserver.rb:138:in `service'
/home/andrey/.rvm/rubies/ruby-1.9.3-p448/lib/ruby/1.9.1/webrick/httpserver.rb:94:in `run'
/home/andrey/.rvm/rubies/ruby-1.9.3-p448/lib/ruby/1.9.1/webrick/server.rb:191:in `block in start_thread'
Rendered movies/index.html.haml within layouts/application (2.7ms)
Completed 500 Internal Server Error in 8ms

ActionView::Template::Error (/home/andrey/dev/hw2/app/views/movies/index.html.haml:9: syntax error, unexpected tIDENTIFIER, expecting ')'
...& @sort="release_date"} link_to  "Release Date", movies_path...
...                               ^):
    6:     %tr
    7:       %th{ class: "hilite" && @sort="title" }= link_to "Movie Title", movies_path(sort: "title"), id: "title_header"
    8:       %th Rating
    9:       %th={ class: "hilite" && @sort="release_date"} link_to  "Release Date", movies_path(sort: "release_date"), id: "release_date_header"
    10: 
    11:       %th More Info
    12:   %tbody
  

Rendered /home/andrey/.rvm/gems/ruby-1.9.3-p448/gems/actionpack-3.1.0/lib/action_dispatch/middleware/templates/rescues/_trace.erb (1.1ms)
Rendered /home/andrey/.rvm/gems/ruby-1.9.3-p448/gems/actionpack-3.1.0/lib/action_dispatch/middleware/templates/rescues/_request_and_response.erb (1.1ms)
Rendered /home/andrey/.rvm/gems/ruby-1.9.3-p448/gems/actionpack-3.1.0/lib/action_dispatch/middleware/templates/rescues/template_error.erb within rescues/layout (4.6ms)


Started GET "/movies?sort=title" for 192.168.2.8 at 2013-07-23 01:48:39 -0400
  Processing by MoviesController#index as HTML
  Parameters: {"sort"=>"title"}
  [1m[36mMovie Load (0.4ms)[0m  [1mSELECT "movies".* FROM "movies" ORDER BY title[0m
Rendered movies/index.html.haml within layouts/application (52.5ms)
Completed 200 OK in 58ms (Views: 56.0ms | ActiveRecord: 1.6ms)


Started GET "/assets/application.css?body=1" for 192.168.2.8 at 2013-07-23 01:48:44 -0400
Served asset /application.css - 304 Not Modified (0ms)


Started GET "/assets/jquery.js?body=1" for 192.168.2.8 at 2013-07-23 01:48:50 -0400
Served asset /jquery.js - 304 Not Modified (0ms)


Started GET "/assets/jquery_ujs.js?body=1" for 192.168.2.8 at 2013-07-23 01:48:50 -0400
Served asset /jquery_ujs.js - 304 Not Modified (0ms)


Started GET "/assets/application.js?body=1" for 192.168.2.8 at 2013-07-23 01:48:50 -0400
Served asset /application.js - 304 Not Modified (0ms)


Started GET "/movies?sort=title" for 192.168.2.8 at 2013-07-23 01:49:54 -0400
  Processing by MoviesController#index as HTML
  Parameters: {"sort"=>"title"}
  [1m[35mMovie Load (0.4ms)[0m  SELECT "movies".* FROM "movies" ORDER BY title
Rendered movies/index.html.haml within layouts/application (27.1ms)
Completed 200 OK in 33ms (Views: 32.0ms | ActiveRecord: 0.8ms)


Started GET "/assets/application.css?body=1" for 192.168.2.8 at 2013-07-23 01:49:59 -0400
Served asset /application.css - 304 Not Modified (0ms)


Started GET "/assets/jquery.js?body=1" for 192.168.2.8 at 2013-07-23 01:49:59 -0400
Served asset /jquery.js - 304 Not Modified (0ms)


Started GET "/assets/jquery_ujs.js?body=1" for 192.168.2.8 at 2013-07-23 01:50:04 -0400
Served asset /jquery_ujs.js - 304 Not Modified (0ms)


Started GET "/assets/application.js?body=1" for 192.168.2.8 at 2013-07-23 01:50:04 -0400
Served asset /application.js - 304 Not Modified (0ms)


Started GET "/movies?sort=title" for 192.168.2.8 at 2013-07-23 01:51:08 -0400
  Processing by MoviesController#index as HTML
  Parameters: {"sort"=>"title"}
  [1m[36mMovie Load (0.5ms)[0m  [1mSELECT "movies".* FROM "movies" ORDER BY title[0m
Rendered movies/index.html.haml within layouts/application (55.2ms)
Completed 200 OK in 62ms (Views: 60.3ms | ActiveRecord: 0.9ms)


Started GET "/assets/application.css?body=1" for 192.168.2.8 at 2013-07-23 01:51:13 -0400
Served asset /application.css - 304 Not Modified (0ms)


Started GET "/assets/jquery.js?body=1" for 192.168.2.8 at 2013-07-23 01:51:13 -0400
Served asset /jquery.js - 304 Not Modified (0ms)


Started GET "/assets/application.js?body=1" for 192.168.2.8 at 2013-07-23 01:51:18 -0400
Served asset /application.js - 304 Not Modified (0ms)


Started GET "/assets/jquery_ujs.js?body=1" for 192.168.2.8 at 2013-07-23 01:51:18 -0400
Served asset /jquery_ujs.js - 304 Not Modified (0ms)


Started GET "/movies?sort=title" for 192.168.2.8 at 2013-07-23 01:51:50 -0400
  Processing by MoviesController#index as HTML
  Parameters: {"sort"=>"title"}
  [1m[35mMovie Load (0.4ms)[0m  SELECT "movies".* FROM "movies" ORDER BY title
Rendered movies/index.html.haml within layouts/application (28.5ms)
Completed 200 OK in 36ms (Views: 34.8ms | ActiveRecord: 0.8ms)


Started GET "/assets/application.css?body=1" for 192.168.2.8 at 2013-07-23 01:51:55 -0400
Served asset /application.css - 304 Not Modified (0ms)


Started GET "/assets/jquery.js?body=1" for 192.168.2.8 at 2013-07-23 01:52:00 -0400
Served asset /jquery.js - 304 Not Modified (0ms)


Started GET "/assets/application.js?body=1" for 192.168.2.8 at 2013-07-23 01:52:00 -0400
Served asset /application.js - 304 Not Modified (0ms)


Started GET "/assets/jquery_ujs.js?body=1" for 192.168.2.8 at 2013-07-23 01:52:00 -0400
Served asset /jquery_ujs.js - 304 Not Modified (0ms)


Started GET "/movies?sort=release_date" for 192.168.2.8 at 2013-07-23 01:52:17 -0400
  Processing by MoviesController#index as HTML
  Parameters: {"sort"=>"release_date"}
  [1m[36mMovie Load (0.4ms)[0m  [1mSELECT "movies".* FROM "movies" ORDER BY release_date[0m
Rendered movies/index.html.haml within layouts/application (29.5ms)
Completed 200 OK in 35ms (Views: 33.7ms | ActiveRecord: 0.7ms)


Started GET "/assets/application.css?body=1" for 192.168.2.8 at 2013-07-23 01:52:22 -0400
Served asset /application.css - 304 Not Modified (0ms)


Started GET "/assets/application.js?body=1" for 192.168.2.8 at 2013-07-23 01:52:27 -0400
Served asset /application.js - 304 Not Modified (0ms)


Started GET "/assets/jquery.js?body=1" for 192.168.2.8 at 2013-07-23 01:52:27 -0400
Served asset /jquery.js - 304 Not Modified (0ms)


Started GET "/" for 50.74.45.230 at 2013-07-23 19:05:35 +0000


Started GET "/movies" for 50.74.45.230 at 2013-07-23 19:05:35 +0000
  Processing by MoviesController#index as HTML
  [1m[36mMovie Load (0.6ms)[0m  [1mSELECT "movies".* FROM "movies" [0m
Rendered movies/index.html.haml within layouts/application (65.4ms)
Cache for Asset (application.js) is stale
/home/andrey/.rvm/gems/ruby-1.9.3-p448/gems/jquery-rails-1.0.19/vendor/assets/javascripts/jquery.js isn't in paths: /home/ubuntu/hw2/app/assets/images, /home/ubuntu/hw2/app/assets/javascripts, /home/ubuntu/hw2/app/assets/stylesheets, /home/ubuntu/.rvm/gems/ruby-1.9.3-p448/gems/jquery-rails-1.0.19/vendor/assets/javascripts
Compiled application.js  (3ms)  (pid 3821)
Completed 200 OK in 105ms (Views: 103.2ms | ActiveRecord: 0.9ms)


Started GET "/assets/application.css?body=1" for 50.74.45.230 at 2013-07-23 19:05:36 +0000
Served asset /application.css - 200 OK (0ms)


Started GET "/assets/jquery.js?body=1" for 50.74.45.230 at 2013-07-23 19:05:36 +0000
Served asset /jquery.js - 304 Not Modified (2ms)


Started GET "/assets/jquery_ujs.js?body=1" for 50.74.45.230 at 2013-07-23 19:05:36 +0000
Served asset /jquery_ujs.js - 304 Not Modified (5ms)


Started GET "/assets/application.js?body=1" for 50.74.45.230 at 2013-07-23 19:05:36 +0000
Served asset /application.js - 304 Not Modified (3ms)


Started GET "/movies?sort=title" for 50.74.45.230 at 2013-07-23 19:05:46 +0000
  Processing by MoviesController#index as HTML
  Parameters: {"sort"=>"title"}
  [1m[35mMovie Load (0.5ms)[0m  SELECT "movies".* FROM "movies" ORDER BY title
Rendered movies/index.html.haml within layouts/application (57.3ms)
Completed 200 OK in 64ms (Views: 62.3ms | ActiveRecord: 0.9ms)


Started GET "/assets/jquery.js?body=1" for 50.74.45.230 at 2013-07-23 19:05:47 +0000
Served asset /jquery.js - 304 Not Modified (0ms)


Started GET "/assets/jquery_ujs.js?body=1" for 50.74.45.230 at 2013-07-23 19:05:47 +0000
Served asset /jquery_ujs.js - 304 Not Modified (0ms)


Started GET "/assets/application.js?body=1" for 50.74.45.230 at 2013-07-23 19:05:47 +0000
Served asset /application.js - 304 Not Modified (0ms)


Started GET "/movies?sort=release_date" for 50.74.45.230 at 2013-07-23 19:05:48 +0000
  Processing by MoviesController#index as HTML
  Parameters: {"sort"=>"release_date"}
  [1m[36mMovie Load (0.5ms)[0m  [1mSELECT "movies".* FROM "movies" ORDER BY release_date[0m
Rendered movies/index.html.haml within layouts/application (28.6ms)
Completed 200 OK in 35ms (Views: 33.5ms | ActiveRecord: 0.9ms)


Started GET "/assets/jquery.js?body=1" for 50.74.45.230 at 2013-07-23 19:05:49 +0000
Served asset /jquery.js - 304 Not Modified (0ms)


Started GET "/assets/jquery_ujs.js?body=1" for 50.74.45.230 at 2013-07-23 19:05:49 +0000
Served asset /jquery_ujs.js - 304 Not Modified (0ms)


Started GET "/assets/application.js?body=1" for 50.74.45.230 at 2013-07-23 19:05:49 +0000
Served asset /application.js - 304 Not Modified (0ms)


Started GET "/movies?sort=title" for 50.74.45.230 at 2013-07-23 19:05:51 +0000
  Processing by MoviesController#index as HTML
  Parameters: {"sort"=>"title"}
  [1m[35mMovie Load (0.5ms)[0m  SELECT "movies".* FROM "movies" ORDER BY title
Rendered movies/index.html.haml within layouts/application (61.2ms)
Completed 200 OK in 69ms (Views: 67.3ms | ActiveRecord: 0.9ms)


Started GET "/assets/jquery.js?body=1" for 50.74.45.230 at 2013-07-23 19:05:52 +0000
Served asset /jquery.js - 304 Not Modified (0ms)


Started GET "/assets/jquery_ujs.js?body=1" for 50.74.45.230 at 2013-07-23 19:05:52 +0000
Served asset /jquery_ujs.js - 304 Not Modified (0ms)


Started GET "/assets/application.js?body=1" for 50.74.45.230 at 2013-07-23 19:05:52 +0000
Served asset /application.js - 304 Not Modified (0ms)


Started GET "/" for 198.228.205.166 at 2013-07-23 23:12:24 +0000


Started GET "/movies" for 198.228.205.166 at 2013-07-23 23:12:24 +0000
  Processing by MoviesController#index as HTML
  [1m[36mMovie Load (0.4ms)[0m  [1mSELECT "movies".* FROM "movies" [0m
Rendered movies/index.html.haml within layouts/application (30.9ms)
Completed 200 OK in 38ms (Views: 36.7ms | ActiveRecord: 0.9ms)


Started GET "/assets/application.css?body=1" for 198.228.205.166 at 2013-07-23 23:12:25 +0000
Served asset /application.css - 200 OK (0ms)


Started GET "/assets/jquery.js?body=1" for 198.228.205.166 at 2013-07-23 23:12:25 +0000
Served asset /jquery.js - 200 OK (0ms)


Started GET "/assets/jquery_ujs.js?body=1" for 198.228.205.166 at 2013-07-23 23:12:25 +0000
Served asset /jquery_ujs.js - 200 OK (0ms)


Started GET "/assets/application.js?body=1" for 198.228.205.166 at 2013-07-23 23:12:25 +0000
Served asset /application.js - 200 OK (0ms)


Started GET "/movies?sort=title" for 198.228.205.166 at 2013-07-23 23:13:06 +0000
  Processing by MoviesController#index as HTML
  Parameters: {"sort"=>"title"}
  [1m[35mMovie Load (0.5ms)[0m  SELECT "movies".* FROM "movies" ORDER BY title
Rendered movies/index.html.haml within layouts/application (65.4ms)
Completed 200 OK in 73ms (Views: 71.3ms | ActiveRecord: 1.0ms)


Started GET "/movies?sort=release_date" for 198.228.205.166 at 2013-07-23 23:13:08 +0000
  Processing by MoviesController#index as HTML
  Parameters: {"sort"=>"release_date"}
  [1m[36mMovie Load (0.5ms)[0m  [1mSELECT "movies".* FROM "movies" ORDER BY release_date[0m
Rendered movies/index.html.haml within layouts/application (30.9ms)
Completed 200 OK in 38ms (Views: 36.1ms | ActiveRecord: 0.9ms)


Started GET "/movies?sort=title" for 198.228.205.166 at 2013-07-23 23:13:11 +0000
  Processing by MoviesController#index as HTML
  Parameters: {"sort"=>"title"}
  [1m[35mMovie Load (0.5ms)[0m  SELECT "movies".* FROM "movies" ORDER BY title
Rendered movies/index.html.haml within layouts/application (69.2ms)
Completed 200 OK in 78ms (Views: 76.4ms | ActiveRecord: 1.0ms)


Started GET "/movies?sort=release_date" for 198.228.205.166 at 2013-07-23 23:13:15 +0000
  Processing by MoviesController#index as HTML
  Parameters: {"sort"=>"release_date"}
  [1m[36mMovie Load (0.5ms)[0m  [1mSELECT "movies".* FROM "movies" ORDER BY release_date[0m
Rendered movies/index.html.haml within layouts/application (29.1ms)
Completed 200 OK in 35ms (Views: 34.0ms | ActiveRecord: 0.9ms)


Started GET "/movies?sort=title" for 198.228.205.166 at 2013-07-23 23:13:23 +0000
  Processing by MoviesController#index as HTML
  Parameters: {"sort"=>"title"}
  [1m[35mMovie Load (0.5ms)[0m  SELECT "movies".* FROM "movies" ORDER BY title
Rendered movies/index.html.haml within layouts/application (64.1ms)
Completed 200 OK in 71ms (Views: 69.5ms | ActiveRecord: 0.9ms)


Started GET "/movies?sort=release_date" for 198.228.205.166 at 2013-07-23 23:13:27 +0000
  Processing by MoviesController#index as HTML
  Parameters: {"sort"=>"release_date"}
  [1m[36mMovie Load (0.5ms)[0m  [1mSELECT "movies".* FROM "movies" ORDER BY release_date[0m
Rendered movies/index.html.haml within layouts/application (29.2ms)
Completed 200 OK in 35ms (Views: 34.1ms | ActiveRecord: 0.9ms)
